Start testing: Feb 18 23:54 MSK
----------------------------------------------------------
1/1 Testing: Test_cache
1/1 Test: Test_cache
Command: "/mnt/windows/media/programs/CppCache/build/test_cache"
Directory: /mnt/windows/media/programs/CppCache/build
"Test_cache" start time: Feb 18 23:54 MSK
Output:
----------------------------------------------------------
<end of output>
Test time =   0.00 sec
----------------------------------------------------------
Test Passed.
"Test_cache" end time: Feb 18 23:54 MSK
"Test_cache" time elapsed: 00:00:00
----------------------------------------------------------

End testing: Feb 18 23:54 MSK
